<?xml version="1.0" encoding="UTF-8"?>
<!-- Generated by org.testng.reporters.JUnitReportReporter -->
<testsuite skipped="0" hostname="LAPTOP-788I4V22" name="mmpTestCases.SearchSymptoms_actual" tests="2" failures="0" timestamp="06 May 2019 20:50:49 GMT" time="25.542" errors="0">
  <testcase name="searchSymptoms3" time="13.334" classname="mmpTestCases.SearchSymptoms_actual"/>
  <testcase name="searchSymptoms3" time="12.208" classname="mmpTestCases.SearchSymptoms_actual"/>
</testsuite> <!-- mmpTestCases.SearchSymptoms_actual -->
