<?xml version="1.0" encoding="UTF-8"?>
<!-- Generated by org.testng.reporters.JUnitReportReporter -->
<testsuite skipped="1" hostname="LAPTOP-788I4V22" name="mmpProject.SearchSymptoms4" tests="1" failures="0" timestamp="02 May 2019 22:49:43 GMT" time="0.000" errors="0">
  <testcase name="searchSymptoms3" time="0.000" classname="mmpProject.SearchSymptoms4">
    <skipped/>
  </testcase> <!-- searchSymptoms3 -->
</testsuite> <!-- mmpProject.SearchSymptoms4 -->
