<?xml version="1.0" encoding="UTF-8"?>
<!-- Generated by org.testng.reporters.JUnitReportReporter -->
<testsuite skipped="0" hostname="LAPTOP-788I4V22" name="com.mmp.testcases.US_001_Login_Parameterize" tests="1" failures="0" timestamp="09 May 2019 21:33:25 GMT" time="18.799" errors="0">
  <testcase name="TC_MMP_001_login_Valid" time="18.799" classname="com.mmp.testcases.US_001_Login_Parameterize"/>
</testsuite> <!-- com.mmp.testcases.US_001_Login_Parameterize -->
