<?xml version="1.0" encoding="UTF-8"?>
<!-- Generated by org.testng.reporters.JUnitReportReporter -->
<testsuite skipped="0" hostname="LAPTOP-788I4V22" name="mmpProject.SearchSymptoms2" tests="1" failures="0" timestamp="01 May 2019 23:39:13 GMT" time="11.097" errors="0">
  <testcase name="searchSymptoms3" time="11.097" classname="mmpProject.SearchSymptoms2"/>
</testsuite> <!-- mmpProject.SearchSymptoms2 -->
