<?xml version="1.0" encoding="UTF-8"?>
<!-- Generated by org.testng.reporters.JUnitReportReporter -->
<testsuite skipped="0" hostname="LAPTOP-788I4V22" name="com.mmp.testcases.LoginTestNGAnyAut" tests="1" failures="0" timestamp="07 May 2019 18:56:30 GMT" time="15.266" errors="0">
  <testcase name="validateLoginDataProvider" time="15.266" classname="com.mmp.testcases.LoginTestNGAnyAut"/>
</testsuite> <!-- com.mmp.testcases.LoginTestNGAnyAut -->
