<?xml version="1.0" encoding="UTF-8"?>
<!-- Generated by org.testng.reporters.JUnitReportReporter -->
<testsuite skipped="0" hostname="LAPTOP-788I4V22" name="com.mmp.testcases.SearchSymptoms4" tests="2" failures="0" timestamp="09 May 2019 21:14:00 GMT" time="29.926" errors="0">
  <testcase name="searchSymptoms3" time="18.003" classname="com.mmp.testcases.SearchSymptoms4"/>
  <testcase name="searchSymptoms3" time="11.923" classname="com.mmp.testcases.SearchSymptoms4"/>
</testsuite> <!-- com.mmp.testcases.SearchSymptoms4 -->
