<?xml version="1.0" encoding="UTF-8"?>
<!-- Generated by org.testng.reporters.JUnitReportReporter -->
<testsuite skipped="0" hostname="LAPTOP-788I4V22" name="mmpTestCases.LoginTestNGAnyAut" tests="1" failures="0" timestamp="06 May 2019 13:38:21 GMT" time="11.615" errors="0">
  <testcase name="verifyTitle" time="11.615" classname="mmpTestCases.LoginTestNGAnyAut"/>
</testsuite> <!-- mmpTestCases.LoginTestNGAnyAut -->
