<?xml version="1.0" encoding="UTF-8"?>
<!-- Generated by org.testng.reporters.JUnitReportReporter -->
<testsuite skipped="0" hostname="LAPTOP-788I4V22" name="com.mmp.testcases.US_MMP_015_SearchSymptomsParameterize" tests="2" failures="0" timestamp="12 May 2019 13:55:41 GMT" time="65.736" errors="0">
  <testcase name="TC_001_searchSymptoms" time="29.403" classname="com.mmp.testcases.US_MMP_015_SearchSymptomsParameterize"/>
  <testcase name="TC_001_searchSymptoms" time="36.333" classname="com.mmp.testcases.US_MMP_015_SearchSymptomsParameterize"/>
</testsuite> <!-- com.mmp.testcases.US_MMP_015_SearchSymptomsParameterize -->
