<?xml version="1.0" encoding="UTF-8"?>
<!-- Generated by org.testng.reporters.JUnitReportReporter -->
<testsuite skipped="1" hostname="LAPTOP-788I4V22" name="mmpTestCases.SearchSymptoms4" tests="1" failures="0" timestamp="03 May 2019 00:11:02 GMT" time="0.000" errors="0">
  <testcase name="searchSymptoms3" time="0.000" classname="mmpTestCases.SearchSymptoms4">
    <skipped/>
  </testcase> <!-- searchSymptoms3 -->
</testsuite> <!-- mmpTestCases.SearchSymptoms4 -->
