<?xml version="1.0" encoding="UTF-8"?>
<!-- Generated by org.testng.reporters.JUnitReportReporter -->
<testsuite skipped="0" hostname="LAPTOP-788I4V22" name="mmpTestCases.ValidateMenuActual" tests="1" failures="0" timestamp="06 May 2019 21:47:23 GMT" time="40.633" errors="0">
  <testcase name="verifyMenu" time="40.633" classname="mmpTestCases.ValidateMenuActual"/>
</testsuite> <!-- mmpTestCases.ValidateMenuActual -->
