<?xml version="1.0" encoding="UTF-8"?>
<!-- Generated by org.testng.reporters.JUnitReportReporter -->
<testsuite skipped="0" hostname="LAPTOP-788I4V22" name="com.mmp.testcases.US_MMP_006_ValidateMenu2" tests="1" failures="0" timestamp="10 May 2019 22:48:36 GMT" time="43.075" errors="0">
  <testcase name="TC_001_verifyMenu" time="43.075" classname="com.mmp.testcases.US_MMP_006_ValidateMenu2"/>
</testsuite> <!-- com.mmp.testcases.US_MMP_006_ValidateMenu2 -->
