<?xml version="1.0" encoding="UTF-8"?>
<!-- Generated by org.testng.reporters.JUnitReportReporter -->
<testsuite skipped="0" hostname="LAPTOP-788I4V22" name="com.mmp.testcases.US_MMP_015_SearchSymptomsDataProvider" tests="2" failures="0" timestamp="10 May 2019 22:33:35 GMT" time="24.665" errors="0">
  <testcase name="searchSymptoms3" time="12.326" classname="com.mmp.testcases.US_MMP_015_SearchSymptomsDataProvider"/>
  <testcase name="searchSymptoms3" time="12.339" classname="com.mmp.testcases.US_MMP_015_SearchSymptomsDataProvider"/>
</testsuite> <!-- com.mmp.testcases.US_MMP_015_SearchSymptomsDataProvider -->
