<?xml version="1.0" encoding="UTF-8"?>
<!-- Generated by org.testng.reporters.JUnitReportReporter -->
<testsuite skipped="0" hostname="LAPTOP-788I4V22" name="com.mmp.testcases.US_006_ValidateMenu" tests="1" failures="0" timestamp="09 May 2019 21:48:44 GMT" time="39.580" errors="0">
  <testcase name="TC_001_verifyMenu" time="39.580" classname="com.mmp.testcases.US_006_ValidateMenu"/>
</testsuite> <!-- com.mmp.testcases.US_006_ValidateMenu -->
