<?xml version="1.0" encoding="UTF-8"?>
<!-- Generated by org.testng.reporters.JUnitReportReporter -->
<testsuite skipped="0" hostname="LAPTOP-788I4V22" name="mmpProject.SearchSymptoms3" tests="2" failures="0" timestamp="02 May 2019 18:43:11 GMT" time="30.285" errors="0">
  <testcase name="searchSymptoms3" time="16.391" classname="mmpProject.SearchSymptoms3"/>
  <testcase name="searchSymptoms3" time="13.894" classname="mmpProject.SearchSymptoms3"/>
</testsuite> <!-- mmpProject.SearchSymptoms3 -->
