<?xml version="1.0" encoding="UTF-8"?>
<!-- Generated by org.testng.reporters.JUnitReportReporter -->
<testsuite skipped="0" hostname="LAPTOP-788I4V22" name="com.mmp.testcases.US_008_Search_Symptom_Parameterize" tests="2" failures="0" timestamp="09 May 2019 20:15:56 GMT" time="24.481" errors="0">
  <testcase name="TC_001_searchSymptoms" time="14.078" classname="com.mmp.testcases.US_008_Search_Symptom_Parameterize"/>
  <testcase name="TC_001_searchSymptoms" time="10.403" classname="com.mmp.testcases.US_008_Search_Symptom_Parameterize"/>
</testsuite> <!-- com.mmp.testcases.US_008_Search_Symptom_Parameterize -->
