<?xml version="1.0" encoding="UTF-8"?>
<!-- Generated by org.testng.reporters.JUnitReportReporter -->
<testsuite skipped="0" hostname="LAPTOP-788I4V22" name="mmpProject.LoginTestNG" tests="1" failures="0" timestamp="02 May 2019 17:29:04 GMT" time="18.251" errors="0">
  <testcase name="verifyTitle" time="18.251" classname="mmpProject.LoginTestNG"/>
</testsuite> <!-- mmpProject.LoginTestNG -->
