<?xml version="1.0" encoding="UTF-8"?>
<!-- Generated by org.testng.reporters.JUnitReportReporter -->
<testsuite skipped="0" hostname="LAPTOP-788I4V22" name="mmpTestCases.SearchSymptoms3" tests="2" failures="0" timestamp="03 May 2019 03:02:42 GMT" time="25.057" errors="0">
  <testcase name="searchSymptoms3" time="12.443" classname="mmpTestCases.SearchSymptoms3"/>
  <testcase name="searchSymptoms3" time="12.614" classname="mmpTestCases.SearchSymptoms3"/>
</testsuite> <!-- mmpTestCases.SearchSymptoms3 -->
