<?xml version="1.0" encoding="UTF-8"?>
<!-- Generated by org.testng.reporters.JUnitReportReporter -->
<testsuite skipped="0" hostname="LAPTOP-788I4V22" name="mmpTestCases.ValidateMenuAnyAut" tests="1" failures="0" timestamp="06 May 2019 21:43:11 GMT" time="70.237" errors="0">
  <testcase name="verifyMenu" time="70.237" classname="mmpTestCases.ValidateMenuAnyAut"/>
</testsuite> <!-- mmpTestCases.ValidateMenuAnyAut -->
